2025-03-04 00:24:49:2449 [31merror[39m: [31muncaughtException: listen EADDRINUSE: address already in use :::3000[39m
[31mError: listen EADDRINUSE: address already in use :::3000[39m
[31m    at Server.setupListenHandle [as _listen2] (node:net:1937:16)[39m
[31m    at listenInCluster (node:net:1994:12)[39m
[31m    at Server.listen (node:net:2099:7)[39m
[31m    at Function.listen (/Users/irine/Documents/Talent Arena/project 3/server/node_modules/express/lib/application.js:635:24)[39m
[31m    at startServer (/Users/irine/Documents/Talent Arena/project 3/server/src/index.js:77:9)[39m
[31m    at process.processTicksAndRejections (node:internal/process/task_queues:105:5)[39m
2025-03-04 00:24:49:2449 [31merror[39m: [31muncaughtException: listen EADDRINUSE: address already in use :::3000[39m
[31mError: listen EADDRINUSE: address already in use :::3000[39m
[31m    at Server.setupListenHandle [as _listen2] (node:net:1937:16)[39m
[31m    at listenInCluster (node:net:1994:12)[39m
[31m    at Server.listen (node:net:2099:7)[39m
[31m    at Function.listen (/Users/irine/Documents/Talent Arena/project 3/server/node_modules/express/lib/application.js:635:24)[39m
[31m    at startServer (/Users/irine/Documents/Talent Arena/project 3/server/src/index.js:77:9)[39m
[31m    at process.processTicksAndRejections (node:internal/process/task_queues:105:5)[39m
2025-03-04 00:24:53:2453 [31merror[39m: [31muncaughtException: listen EADDRINUSE: address already in use :::3000[39m
[31mError: listen EADDRINUSE: address already in use :::3000[39m
[31m    at Server.setupListenHandle [as _listen2] (node:net:1937:16)[39m
[31m    at listenInCluster (node:net:1994:12)[39m
[31m    at Server.listen (node:net:2099:7)[39m
[31m    at Function.listen (/Users/irine/Documents/Talent Arena/project 3/server/node_modules/express/lib/application.js:635:24)[39m
[31m    at startServer (/Users/irine/Documents/Talent Arena/project 3/server/src/index.js:77:9)[39m
[31m    at process.processTicksAndRejections (node:internal/process/task_queues:105:5)[39m
2025-03-04 00:24:53:2453 [31merror[39m: [31muncaughtException: listen EADDRINUSE: address already in use :::3000[39m
[31mError: listen EADDRINUSE: address already in use :::3000[39m
[31m    at Server.setupListenHandle [as _listen2] (node:net:1937:16)[39m
[31m    at listenInCluster (node:net:1994:12)[39m
[31m    at Server.listen (node:net:2099:7)[39m
[31m    at Function.listen (/Users/irine/Documents/Talent Arena/project 3/server/node_modules/express/lib/application.js:635:24)[39m
[31m    at startServer (/Users/irine/Documents/Talent Arena/project 3/server/src/index.js:77:9)[39m
[31m    at process.processTicksAndRejections (node:internal/process/task_queues:105:5)[39m
2025-03-04 00:25:48:2548 [31merror[39m: [31muncaughtException: write EPIPE[39m
[31mError: write EPIPE[39m
[31m    at afterWriteDispatched (node:internal/stream_base_commons:159:15)[39m
[31m    at writeGeneric (node:internal/stream_base_commons:150:3)[39m
[31m    at Socket._writeGeneric (node:net:971:11)[39m
[31m    at Socket._write (node:net:983:8)[39m
[31m    at writeOrBuffer (node:internal/streams/writable:572:12)[39m
[31m    at _write (node:internal/streams/writable:501:10)[39m
[31m    at Writable.write (node:internal/streams/writable:510:10)[39m
[31m    at Console.log (/Users/irine/Documents/Talent Arena/project 3/server/node_modules/.pnpm/winston@3.17.0/node_modules/winston/lib/winston/transports/console.js:87:23)[39m
[31m    at Console._write (/Users/irine/Documents/Talent Arena/project 3/server/node_modules/.pnpm/winston-transport@4.9.0/node_modules/winston-transport/modern.js:82:19)[39m
[31m    at doWrite (/Users/irine/Documents/Talent Arena/project 3/server/node_modules/.pnpm/readable-stream@3.6.2/node_modules/readable-stream/lib/_stream_writable.js:390:139)[39m
